#
# A fatal error has been detected by the Java Runtime Environment:
#
#  EXCEPTION_ACCESS_VIOLATION (0xc0000005) at pc=0x00007ffa27e68c4c, pid=35672, tid=0x0000000000006b1c
#
# JRE version: Java(TM) SE Runtime Environment (8.0_201-b09) (build 1.8.0_201-b09)
# Java VM: Java HotSpot(TM) 64-Bit Server VM (25.201-b09 mixed mode windows-amd64 compressed oops)
# Problematic frame:
# C  [ig9icd64.dll+0x38c4c]
#
# Failed to write core dump. Minidumps are not enabled by default on client versions of Windows
#
# If you would like to submit a bug report, please visit:
#   http://bugreport.java.com/bugreport/crash.jsp
# The crash happened outside the Java Virtual Machine in native code.
# See problematic frame for where to report the bug.
#

---------------  T H R E A D  ---------------

Current thread (0x000000001ce8e000):  JavaThread "AWT-EventQueue-0" [_thread_in_native, id=27420, stack(0x000000001dcc0000,0x000000001ddc0000)]

siginfo: ExceptionCode=0xc0000005, reading address 0x0000000000000110

Registers:
RAX=0x0000000000000000, RBX=0x0000000000f1e3a0, RCX=0x0000000000f1e3a0, RDX=0x000000070162d880
RSP=0x000000001ddbd300, RBP=0x0000000000f5db30, RSI=0x000000070162d880, RDI=0x0000000028247fe0
R8 =0x000000070162d880, R9 =0x000000001ddbd1e0, R10=0x0000000000000000, R11=0x0000000000000246
R12=0x00000000000000a8, R13=0x000000000bf67f62, R14=0x0000000028248230, R15=0x0000000028248110
RIP=0x00007ffa27e68c4c, EFLAGS=0x0000000000010202

Top of Stack: (sp=0x000000001ddbd300)
0x000000001ddbd300:   0000000000000000 0000000000000000
0x000000001ddbd310:   0000000028248110 0000000028248230
0x000000001ddbd320:   fffffffffffffffe 00000000000000a8
0x000000001ddbd330:   000000070162d880 00007ffa27e50487
0x000000001ddbd340:   000000070161e220 0000000000f1e3a0
0x000000001ddbd350:   0000000028247fe0 0100401000000000
0x000000001ddbd360:   0000000000000001 00007ffa35277c00
0x000000001ddbd370:   0000000000000000 00007ffa27e50271
0x000000001ddbd380:   0000000000000001 0000000000f5db30
0x000000001ddbd390:   0000000028247fe0 0000000000000000
0x000000001ddbd3a0:   0000000000000001 0000000000000000
0x000000001ddbd3b0:   0000000000000000 0000000000000000
0x000000001ddbd3c0:   000000001ddbd510 00007ffa27e586a6
0x000000001ddbd3d0:   0000000028247fe0 0000000000000000
0x000000001ddbd3e0:   0000000000000000 0000000028247fe0
0x000000001ddbd3f0:   000000001ddbd410 0000000028247fe0 

Instructions: (pc=0x00007ffa27e68c4c)
0x00007ffa27e68c2c:   90 48 8b 87 38 03 00 00 48 89 86 00 04 00 00 48
0x00007ffa27e68c3c:   89 b7 38 03 00 00 ff 87 40 03 00 00 48 8b 46 08
0x00007ffa27e68c4c:   48 8b 88 10 01 00 00 48 01 8f 48 03 00 00 48 8b
0x00007ffa27e68c5c:   97 48 03 00 00 48 03 97 a8 03 00 00 48 8b 05 71 


Register to memory mapping:

RAX=0x0000000000000000 is an unknown value
RBX=0x0000000000f1e3a0 is an unknown value
RCX=0x0000000000f1e3a0 is an unknown value
RDX=0x000000070162d880 is an unknown value
RSP=0x000000001ddbd300 is pointing into the stack for thread: 0x000000001ce8e000
RBP=0x0000000000f5db30 is an unknown value
RSI=0x000000070162d880 is an unknown value
RDI=0x0000000028247fe0 is an unknown value
R8 =0x000000070162d880 is an unknown value
R9 =0x000000001ddbd1e0 is pointing into the stack for thread: 0x000000001ce8e000
R10=0x0000000000000000 is an unknown value
R11=0x0000000000000246 is an unknown value
R12=0x00000000000000a8 is an unknown value
R13=0x000000000bf67f62 is an unknown value
R14=0x0000000028248230 is an unknown value
R15=0x0000000028248110 is an unknown value


Stack: [0x000000001dcc0000,0x000000001ddc0000],  sp=0x000000001ddbd300,  free space=1012k
Native frames: (J=compiled Java code, j=interpreted, Vv=VM code, C=native code)
C  [ig9icd64.dll+0x38c4c]
C  [ig9icd64.dll+0x20487]
C  [ig9icd64.dll+0x20271]
C  [ig9icd64.dll+0x286a6]
C  [ig9icd64.dll+0x1f359]
C  [ig9icd64.dll+0x1b95e3]
C  [ig9icd64.dll+0xf02cd]
C  [ig9icd64.dll+0xe6d97]
C  [ig9icd64.dll+0x8d761]
C  [ig9icd64.dll+0x60947]
C  [ig9icd64.dll+0xdd00]
C  [ig9icd64.dll+0xe23b]
C  [opengl32.dll+0x42e9b]
C  [gdi32full.dll+0x7500e]
C  [nativewindow_win32.dll+0x2b6d]
C  0x000000000354033b

Java frames: (J=compiled Java code, j=interpreted, Vv=VM code)
J 2148  jogamp.nativewindow.windows.GDI.SwapBuffers(J)Z (0 bytes) @ 0x00000000035402c1 [0x0000000003540280+0x41]
J 2417 C2 jogamp.opengl.GLDrawableHelper.invokeGLImpl(Lcom/jogamp/opengl/GLDrawable;Lcom/jogamp/opengl/GLContext;Ljava/lang/Runnable;Ljava/lang/Runnable;)V (579 bytes) @ 0x00000000030d0244 [0x00000000030cfe60+0x3e4]
J 2353 C2 java.awt.event.InvocationEvent.dispatch()V (69 bytes) @ 0x000000000316b914 [0x000000000316b740+0x1d4]
J 2395 C2 java.awt.EventQueue$3.run()Ljava/lang/Void; (60 bytes) @ 0x00000000031dfd84 [0x00000000031dfaa0+0x2e4]
J 2402 C2 java.awt.EventQueue$3.run()Ljava/lang/Object; (5 bytes) @ 0x0000000003451d14 [0x0000000003451ce0+0x34]
v  ~StubRoutines::call_stub
J 1390  java.security.AccessController.doPrivileged(Ljava/security/PrivilegedAction;Ljava/security/AccessControlContext;)Ljava/lang/Object; (0 bytes) @ 0x000000000325c466 [0x000000000325c400+0x66]
J 2388 C2 java.awt.EventDispatchThread.pumpOneEventForFilters(I)V (190 bytes) @ 0x00000000031abdac [0x00000000031ab160+0xc4c]
J 2386% C2 java.awt.EventDispatchThread.pumpEventsForFilter(ILjava/awt/Conditional;Ljava/awt/EventFilter;)V (47 bytes) @ 0x00000000030f6740 [0x00000000030f6640+0x100]
j  java.awt.EventDispatchThread.pumpEventsForHierarchy(ILjava/awt/Conditional;Ljava/awt/Component;)V+11
j  java.awt.EventDispatchThread.pumpEvents(ILjava/awt/Conditional;)V+4
j  java.awt.EventDispatchThread.pumpEvents(Ljava/awt/Conditional;)V+3
j  java.awt.EventDispatchThread.run()V+9
v  ~StubRoutines::call_stub

---------------  P R O C E S S  ---------------

Java Threads: ( => current thread )
  0x000000001e377800 JavaThread "AWT-EventQueue-0-FPSAWTAnimator#00-Timer0" [_thread_blocked, id=34840, stack(0x0000000029570000,0x0000000029670000)]
  0x000000001e3d9000 JavaThread "AWT-EventQueue-0-SharedResourceRunner" daemon [_thread_blocked, id=15172, stack(0x000000001fcc0000,0x000000001fdc0000)]
  0x0000000002ac9000 JavaThread "DestroyJavaVM" [_thread_blocked, id=37392, stack(0x00000000029c0000,0x0000000002ac0000)]
=>0x000000001ce8e000 JavaThread "AWT-EventQueue-0" [_thread_in_native, id=27420, stack(0x000000001dcc0000,0x000000001ddc0000)]
  0x000000001ce86800 JavaThread "AWT-Windows" daemon [_thread_in_native, id=30164, stack(0x000000001dab0000,0x000000001dbb0000)]
  0x000000001ce35800 JavaThread "AWT-Shutdown" [_thread_blocked, id=37400, stack(0x000000001d9b0000,0x000000001dab0000)]
  0x000000001ce34800 JavaThread "Java2D Disposer" daemon [_thread_blocked, id=36128, stack(0x000000001d8b0000,0x000000001d9b0000)]
  0x000000001cb1e800 JavaThread "Service Thread" daemon [_thread_blocked, id=28060, stack(0x000000001d570000,0x000000001d670000)]
  0x000000001ca7c000 JavaThread "C1 CompilerThread3" daemon [_thread_blocked, id=22108, stack(0x000000001d470000,0x000000001d570000)]
  0x000000001ca6f000 JavaThread "C2 CompilerThread2" daemon [_thread_blocked, id=35600, stack(0x000000001d370000,0x000000001d470000)]
  0x000000001ca6d000 JavaThread "C2 CompilerThread1" daemon [_thread_blocked, id=30784, stack(0x000000001d270000,0x000000001d370000)]
  0x000000001ca68000 JavaThread "C2 CompilerThread0" daemon [_thread_blocked, id=36740, stack(0x000000001d170000,0x000000001d270000)]
  0x000000001ca66800 JavaThread "Monitor Ctrl-Break" daemon [_thread_in_native, id=32728, stack(0x000000001d070000,0x000000001d170000)]
  0x000000001bfad800 JavaThread "Attach Listener" daemon [_thread_blocked, id=37252, stack(0x000000001c770000,0x000000001c870000)]
  0x000000001bfac800 JavaThread "Signal Dispatcher" daemon [_thread_blocked, id=24788, stack(0x000000001c670000,0x000000001c770000)]
  0x000000001a1b7000 JavaThread "Finalizer" daemon [_thread_blocked, id=36772, stack(0x000000001c470000,0x000000001c570000)]
  0x000000001bf90800 JavaThread "Reference Handler" daemon [_thread_blocked, id=33624, stack(0x000000001c370000,0x000000001c470000)]

Other Threads:
  0x000000001a1a9000 VMThread [stack: 0x000000001be70000,0x000000001bf70000] [id=37708]
  0x000000001cbac000 WatcherThread [stack: 0x000000001d670000,0x000000001d770000] [id=18528]

VM state:not at safepoint (normal execution)

VM Mutex/Monitor currently owned by a thread: None

heap address: 0x0000000702800000, size: 3032 MB, Compressed Oops mode: Zero based, Oop shift amount: 3
Narrow klass base: 0x0000000000000000, Narrow klass shift: 3
Compressed class space size: 1073741824 Address: 0x00000007c0000000

Heap:
 PSYoungGen      total 28160K, used 14400K [0x0000000780d80000, 0x0000000782a00000, 0x00000007c0000000)
  eden space 27648K, 51% used [0x0000000780d80000,0x0000000781b50248,0x0000000782880000)
  from space 512K, 50% used [0x0000000782900000,0x0000000782940000,0x0000000782980000)
  to   space 512K, 0% used [0x0000000782980000,0x0000000782980000,0x0000000782a00000)
 ParOldGen       total 130048K, used 38975K [0x0000000702800000, 0x000000070a700000, 0x0000000780d80000)
  object space 130048K, 29% used [0x0000000702800000,0x0000000704e0fd48,0x000000070a700000)
 Metaspace       used 17331K, capacity 17582K, committed 17920K, reserved 1064960K
  class space    used 1662K, capacity 1735K, committed 1792K, reserved 1048576K

Card table byte_map: [0x0000000012120000,0x0000000012710000] byte_map_base: 0x000000000e90c000

Marking Bits: (ParMarkBitMap*) 0x0000000054f24ce0
 Begin Bits: [0x0000000013310000, 0x0000000016270000)
 End Bits:   [0x0000000016270000, 0x00000000191d0000)

Polling page: 0x0000000000fe0000

CodeCache: size=245760Kb used=7512Kb max_used=8918Kb free=238247Kb
 bounds [0x0000000002d60000, 0x0000000003670000, 0x0000000011d60000]
 total_blobs=2894 nmethods=2010 adapters=797
 compilation: enabled

Compilation events (10 events):
Event: 7191.107 Thread 0x000000001ca6d000 2482       4       sun.awt.windows.WComponentPeer::handleEvent (173 bytes)
Event: 7191.125 Thread 0x000000001ca6d000 nmethod 2482 0x000000000343b250 code [0x000000000343b420, 0x000000000343b970]
Event: 7194.224 Thread 0x000000001ca68000 2483       4       java.util.HashMap$KeyIterator::next (8 bytes)
Event: 7194.235 Thread 0x000000001ca68000 nmethod 2483 0x0000000003137190 code [0x00000000031372e0, 0x0000000003137538]
Event: 7209.059 Thread 0x000000001ca6f000 2484       4       java.util.HashSet::remove (20 bytes)
Event: 7209.077 Thread 0x000000001ca6f000 nmethod 2484 0x0000000002e63b50 code [0x0000000002e63cc0, 0x0000000002e64118]
Event: 7211.200 Thread 0x000000001ca6d000 2485       4       java.util.HashMap::keySet (25 bytes)
Event: 7211.201 Thread 0x000000001ca6d000 nmethod 2485 0x00000000033b77d0 code [0x00000000033b7900, 0x00000000033b7978]
Event: 7211.245 Thread 0x000000001ca68000 2486       4       java.util.HashSet::iterator (13 bytes)
Event: 7211.259 Thread 0x000000001ca68000 nmethod 2486 0x00000000030f2750 code [0x00000000030f28c0, 0x00000000030f2c78]

GC Heap History (10 events):
Event: 7216.729 GC heap before
{Heap before GC invocations=577 (full 0):
 PSYoungGen      total 28160K, used 27904K [0x0000000780d80000, 0x0000000782a00000, 0x00000007c0000000)
  eden space 27648K, 100% used [0x0000000780d80000,0x0000000782880000,0x0000000782880000)
  from space 512K, 50% used [0x0000000782980000,0x00000007829c0000,0x0000000782a00000)
  to   space 512K, 0% used [0x0000000782900000,0x0000000782900000,0x0000000782980000)
 ParOldGen       total 130048K, used 38703K [0x0000000702800000, 0x000000070a700000, 0x0000000780d80000)
  object space 130048K, 29% used [0x0000000702800000,0x0000000704dcbd48,0x000000070a700000)
 Metaspace       used 17331K, capacity 17582K, committed 17920K, reserved 1064960K
  class space    used 1662K, capacity 1735K, committed 1792K, reserved 1048576K
Event: 7216.732 GC heap after
Heap after GC invocations=577 (full 0):
 PSYoungGen      total 28160K, used 288K [0x0000000780d80000, 0x0000000782a00000, 0x00000007c0000000)
  eden space 27648K, 0% used [0x0000000780d80000,0x0000000780d80000,0x0000000782880000)
  from space 512K, 56% used [0x0000000782900000,0x0000000782948000,0x0000000782980000)
  to   space 512K, 0% used [0x0000000782980000,0x0000000782980000,0x0000000782a00000)
 ParOldGen       total 130048K, used 38759K [0x0000000702800000, 0x000000070a700000, 0x0000000780d80000)
  object space 130048K, 29% used [0x0000000702800000,0x0000000704dd9d48,0x000000070a700000)
 Metaspace       used 17331K, capacity 17582K, committed 17920K, reserved 1064960K
  class space    used 1662K, capacity 1735K, committed 1792K, reserved 1048576K
}
Event: 7220.916 GC heap before
{Heap before GC invocations=578 (full 0):
 PSYoungGen      total 28160K, used 27936K [0x0000000780d80000, 0x0000000782a00000, 0x00000007c0000000)
  eden space 27648K, 100% used [0x0000000780d80000,0x0000000782880000,0x0000000782880000)
  from space 512K, 56% used [0x0000000782900000,0x0000000782948000,0x0000000782980000)
  to   space 512K, 0% used [0x0000000782980000,0x0000000782980000,0x0000000782a00000)
 ParOldGen       total 130048K, used 38759K [0x0000000702800000, 0x000000070a700000, 0x0000000780d80000)
  object space 130048K, 29% used [0x0000000702800000,0x0000000704dd9d48,0x000000070a700000)
 Metaspace       used 17331K, capacity 17582K, committed 17920K, reserved 1064960K
  class space    used 1662K, capacity 1735K, committed 1792K, reserved 1048576K
Event: 7220.918 GC heap after
Heap after GC invocations=578 (full 0):
 PSYoungGen      total 28160K, used 256K [0x0000000780d80000, 0x0000000782a00000, 0x00000007c0000000)
  eden space 27648K, 0% used [0x0000000780d80000,0x0000000780d80000,0x0000000782880000)
  from space 512K, 50% used [0x0000000782980000,0x00000007829c0000,0x0000000782a00000)
  to   space 512K, 0% used [0x0000000782900000,0x0000000782900000,0x0000000782980000)
 ParOldGen       total 130048K, used 38807K [0x0000000702800000, 0x000000070a700000, 0x0000000780d80000)
  object space 130048K, 29% used [0x0000000702800000,0x0000000704de5d48,0x000000070a700000)
 Metaspace       used 17331K, capacity 17582K, committed 17920K, reserved 1064960K
  class space    used 1662K, capacity 1735K, committed 1792K, reserved 1048576K
}
Event: 7225.053 GC heap before
{Heap before GC invocations=579 (full 0):
 PSYoungGen      total 28160K, used 27904K [0x0000000780d80000, 0x0000000782a00000, 0x00000007c0000000)
  eden space 27648K, 100% used [0x0000000780d80000,0x0000000782880000,0x0000000782880000)
  from space 512K, 50% used [0x0000000782980000,0x00000007829c0000,0x0000000782a00000)
  to   space 512K, 0% used [0x0000000782900000,0x0000000782900000,0x0000000782980000)
 ParOldGen       total 130048K, used 38807K [0x0000000702800000, 0x000000070a700000, 0x0000000780d80000)
  object space 130048K, 29% used [0x0000000702800000,0x0000000704de5d48,0x000000070a700000)
 Metaspace       used 17331K, capacity 17582K, committed 17920K, reserved 1064960K
  class space    used 1662K, capacity 1735K, committed 1792K, reserved 1048576K
Event: 7225.058 GC heap after
Heap after GC invocations=579 (full 0):
 PSYoungGen      total 28160K, used 256K [0x0000000780d80000, 0x0000000782a00000, 0x00000007c0000000)
  eden space 27648K, 0% used [0x0000000780d80000,0x0000000780d80000,0x0000000782880000)
  from space 512K, 50% used [0x0000000782900000,0x0000000782940000,0x0000000782980000)
  to   space 512K, 0% used [0x0000000782980000,0x0000000782980000,0x0000000782a00000)
 ParOldGen       total 130048K, used 38855K [0x0000000702800000, 0x000000070a700000, 0x0000000780d80000)
  object space 130048K, 29% used [0x0000000702800000,0x0000000704df1d48,0x000000070a700000)
 Metaspace       used 17331K, capacity 17582K, committed 17920K, reserved 1064960K
  class space    used 1662K, capacity 1735K, committed 1792K, reserved 1048576K
}
Event: 7229.144 GC heap before
{Heap before GC invocations=580 (full 0):
 PSYoungGen      total 28160K, used 27861K [0x0000000780d80000, 0x0000000782a00000, 0x00000007c0000000)
  eden space 27648K, 99% used [0x0000000780d80000,0x0000000782875660,0x0000000782880000)
  from space 512K, 50% used [0x0000000782900000,0x0000000782940000,0x0000000782980000)
  to   space 512K, 0% used [0x0000000782980000,0x0000000782980000,0x0000000782a00000)
 ParOldGen       total 130048K, used 38855K [0x0000000702800000, 0x000000070a700000, 0x0000000780d80000)
  object space 130048K, 29% used [0x0000000702800000,0x0000000704df1d48,0x000000070a700000)
 Metaspace       used 17331K, capacity 17582K, committed 17920K, reserved 1064960K
  class space    used 1662K, capacity 1735K, committed 1792K, reserved 1048576K
Event: 7229.146 GC heap after
Heap after GC invocations=580 (full 0):
 PSYoungGen      total 28160K, used 288K [0x0000000780d80000, 0x0000000782a00000, 0x00000007c0000000)
  eden space 27648K, 0% used [0x0000000780d80000,0x0000000780d80000,0x0000000782880000)
  from space 512K, 56% used [0x0000000782980000,0x00000007829c8000,0x0000000782a00000)
  to   space 512K, 0% used [0x0000000782900000,0x0000000782900000,0x0000000782980000)
 ParOldGen       total 130048K, used 38903K [0x0000000702800000, 0x000000070a700000, 0x0000000780d80000)
  object space 130048K, 29% used [0x0000000702800000,0x0000000704dfdd48,0x000000070a700000)
 Metaspace       used 17331K, capacity 17582K, committed 17920K, reserved 1064960K
  class space    used 1662K, capacity 1735K, committed 1792K, reserved 1048576K
}
Event: 7233.451 GC heap before
{Heap before GC invocations=581 (full 0):
 PSYoungGen      total 28160K, used 27898K [0x0000000780d80000, 0x0000000782a00000, 0x00000007c0000000)
  eden space 27648K, 99% used [0x0000000780d80000,0x0000000782876940,0x0000000782880000)
  from space 512K, 56% used [0x0000000782980000,0x00000007829c8000,0x0000000782a00000)
  to   space 512K, 0% used [0x0000000782900000,0x0000000782900000,0x0000000782980000)
 ParOldGen       total 130048K, used 38903K [0x0000000702800000, 0x000000070a700000, 0x0000000780d80000)
  object space 130048K, 29% used [0x0000000702800000,0x0000000704dfdd48,0x000000070a700000)
 Metaspace       used 17331K, capacity 17582K, committed 17920K, reserved 1064960K
  class space    used 1662K, capacity 1735K, committed 1792K, reserved 1048576K
Event: 7233.459 GC heap after
Heap after GC invocations=581 (full 0):
 PSYoungGen      total 28160K, used 256K [0x0000000780d80000, 0x0000000782a00000, 0x00000007c0000000)
  eden space 27648K, 0% used [0x0000000780d80000,0x0000000780d80000,0x0000000782880000)
  from space 512K, 50% used [0x0000000782900000,0x0000000782940000,0x0000000782980000)
  to   space 512K, 0% used [0x0000000782980000,0x0000000782980000,0x0000000782a00000)
 ParOldGen       total 130048K, used 38975K [0x0000000702800000, 0x000000070a700000, 0x0000000780d80000)
  object space 130048K, 29% used [0x0000000702800000,0x0000000704e0fd48,0x000000070a700000)
 Metaspace       used 17331K, capacity 17582K, committed 17920K, reserved 1064960K
  class space    used 1662K, capacity 1735K, committed 1792K, reserved 1048576K
}

Deoptimization events (10 events):
Event: 6615.488 Thread 0x000000001ce8e000 Uncommon trap: reason=class_check action=maybe_recompile pc=0x0000000003573a1c method=java.awt.EventQueue.coalesceEvent(Ljava/awt/AWTEvent;I)Z @ 32
Event: 6615.489 Thread 0x000000001ce8e000 Uncommon trap: reason=unstable_if action=reinterpret pc=0x00000000035c0bfc method=java.awt.EventQueue.getPriority(Ljava/awt/AWTEvent;)I @ 71
Event: 6615.489 Thread 0x000000001ce8e000 Uncommon trap: reason=class_check action=maybe_recompile pc=0x000000000316c584 method=java.awt.event.InvocationEvent.dispatch()V @ 47
Event: 6615.494 Thread 0x000000001ce8e000 Uncommon trap: reason=class_check action=maybe_recompile pc=0x00000000035ca658 method=sun.java2d.Disposer.add(Ljava/lang/Object;Lsun/java2d/DisposerRecord;)V @ 1
Event: 6615.497 Thread 0x000000001ce8e000 Uncommon trap: reason=unstable_if action=reinterpret pc=0x00000000030e359c method=com.jogamp.opengl.awt.GLCanvas$11.run()V @ 7
Event: 6615.572 Thread 0x000000001ce8e000 Uncommon trap: reason=class_check action=maybe_recompile pc=0x00000000031ae060 method=java.awt.EventQueue.uncacheEQItem(Lsun/awt/EventQueueItem;)V @ 20
Event: 6615.581 Thread 0x000000001ce8e000 Uncommon trap: reason=unstable_if action=reinterpret pc=0x00000000031561a4 method=sun.java2d.SunGraphics2D.setColor(Ljava/awt/Color;)V @ 9
Event: 6615.586 Thread 0x000000001ce8e000 Uncommon trap: reason=unstable_if action=reinterpret pc=0x00000000032cddcc method=sun.java2d.SunGraphics2D.setComposite(Ljava/awt/Composite;)V @ 32
Event: 6684.712 Thread 0x000000001ce8e000 Uncommon trap: reason=unstable_if action=reinterpret pc=0x0000000003611c50 method=jogl08camerasky.TestRenderer.move()V @ 511
Event: 7165.041 Thread 0x000000001ce8e000 Uncommon trap: reason=unstable_if action=reinterpret pc=0x0000000003639a44 method=sun.misc.FloatingDecimal.getBinaryToASCIIConverter(DZ)Lsun/misc/FloatingDecimal$BinaryToASCIIConverter; @ 76

Classes redefined (0 events):
No events

Internal exceptions (10 events):
Event: 0.210 Thread 0x0000000002ac9000 Exception <a 'java/security/PrivilegedActionException'> (0x0000000780f582c0) thrown at [C:\re\workspace\8-2-build-windows-amd64-cygwin\jdk8u201\12322\hotspot\src\share\vm\prims\jvm.cpp, line 1502]
Event: 0.353 Thread 0x0000000002ac9000 Exception <a 'java/lang/NoSuchFieldError': method resolution failed> (0x0000000781480518) thrown at [C:\re\workspace\8-2-build-windows-amd64-cygwin\jdk8u201\12322\hotspot\src\share\vm\prims\methodHandles.cpp, line 1167]
Event: 0.355 Thread 0x0000000002ac9000 Exception <a 'java/lang/NoSuchFieldError': method resolution failed> (0x000000078148e3c0) thrown at [C:\re\workspace\8-2-build-windows-amd64-cygwin\jdk8u201\12322\hotspot\src\share\vm\prims\methodHandles.cpp, line 1167]
Event: 0.377 Thread 0x0000000002ac9000 Exception <a 'java/security/PrivilegedActionException'> (0x000000078155d580) thrown at [C:\re\workspace\8-2-build-windows-amd64-cygwin\jdk8u201\12322\hotspot\src\share\vm\prims\jvm.cpp, line 1502]
Event: 0.377 Thread 0x0000000002ac9000 Exception <a 'java/security/PrivilegedActionException'> (0x000000078155d790) thrown at [C:\re\workspace\8-2-build-windows-amd64-cygwin\jdk8u201\12322\hotspot\src\share\vm\prims\jvm.cpp, line 1502]
Event: 0.377 Thread 0x0000000002ac9000 Exception <a 'java/security/PrivilegedActionException'> (0x00000007815616a0) thrown at [C:\re\workspace\8-2-build-windows-amd64-cygwin\jdk8u201\12322\hotspot\src\share\vm\prims\jvm.cpp, line 1502]
Event: 0.377 Thread 0x0000000002ac9000 Exception <a 'java/security/PrivilegedActionException'> (0x00000007815618b0) thrown at [C:\re\workspace\8-2-build-windows-amd64-cygwin\jdk8u201\12322\hotspot\src\share\vm\prims\jvm.cpp, line 1502]
Event: 0.381 Thread 0x0000000002ac9000 Exception <a 'java/io/FileNotFoundException'> (0x0000000781569170) thrown at [C:\re\workspace\8-2-build-windows-amd64-cygwin\jdk8u201\12322\hotspot\src\share\vm\prims\jni.cpp, line 709]
Event: 0.424 Thread 0x000000001ce8e000 Exception <a 'java/io/FileNotFoundException'> (0x00000007819566b8) thrown at [C:\re\workspace\8-2-build-windows-amd64-cygwin\jdk8u201\12322\hotspot\src\share\vm\prims\jni.cpp, line 709]
Event: 1.972 Thread 0x000000001ce8e000 Exception <a 'java/lang/reflect/InvocationTargetException'> (0x0000000780f1fb28) thrown at [C:\re\workspace\8-2-build-windows-amd64-cygwin\jdk8u201\12322\hotspot\src\share\vm\runtime\reflection.cpp, line 1092]

Events (10 events):
Event: 7216.729 Executing VM operation: ParallelGCFailedAllocation
Event: 7216.732 Executing VM operation: ParallelGCFailedAllocation done
Event: 7220.916 Executing VM operation: ParallelGCFailedAllocation
Event: 7220.918 Executing VM operation: ParallelGCFailedAllocation done
Event: 7225.053 Executing VM operation: ParallelGCFailedAllocation
Event: 7225.058 Executing VM operation: ParallelGCFailedAllocation done
Event: 7229.143 Executing VM operation: ParallelGCFailedAllocation
Event: 7229.146 Executing VM operation: ParallelGCFailedAllocation done
Event: 7233.451 Executing VM operation: ParallelGCFailedAllocation
Event: 7233.459 Executing VM operation: ParallelGCFailedAllocation done


Dynamic libraries:
0x00007ff6c3860000 - 0x00007ff6c3897000 	C:\Program Files\Java\jdk1.8.0_201\bin\java.exe
0x00007ffa80720000 - 0x00007ffa8090d000 	C:\WINDOWS\SYSTEM32\ntdll.dll
0x00007ffa58b80000 - 0x00007ffa58b92000 	C:\Program Files\AVAST Software\Avast\aswhook.dll
0x00007ffa7d990000 - 0x00007ffa7da43000 	C:\WINDOWS\System32\KERNEL32.DLL
0x00007ffa7d210000 - 0x00007ffa7d4a3000 	C:\WINDOWS\System32\KERNELBASE.dll
0x00007ffa7fff0000 - 0x00007ffa80093000 	C:\WINDOWS\System32\ADVAPI32.dll
0x00007ffa800a0000 - 0x00007ffa8013e000 	C:\WINDOWS\System32\msvcrt.dll
0x00007ffa7f430000 - 0x00007ffa7f4ce000 	C:\WINDOWS\System32\sechost.dll
0x00007ffa7dcb0000 - 0x00007ffa7ddd2000 	C:\WINDOWS\System32\RPCRT4.dll
0x00007ffa7f600000 - 0x00007ffa7f797000 	C:\WINDOWS\System32\USER32.dll
0x00007ffa7d930000 - 0x00007ffa7d950000 	C:\WINDOWS\System32\win32u.dll
0x00007ffa7dc80000 - 0x00007ffa7dca9000 	C:\WINDOWS\System32\GDI32.dll
0x00007ffa7d510000 - 0x00007ffa7d6aa000 	C:\WINDOWS\System32\gdi32full.dll
0x00007ffa7d6b0000 - 0x00007ffa7d750000 	C:\WINDOWS\System32\msvcp_win.dll
0x00007ffa7c7f0000 - 0x00007ffa7c8ea000 	C:\WINDOWS\System32\ucrtbase.dll
0x00007ffa6b440000 - 0x00007ffa6b6b9000 	C:\WINDOWS\WinSxS\amd64_microsoft.windows.common-controls_6595b64144ccf1df_6.0.17763.437_none_05b63dca071e5dd6\COMCTL32.dll
0x00007ffa7f8c0000 - 0x00007ffa7fbec000 	C:\WINDOWS\System32\combase.dll
0x00007ffa7d190000 - 0x00007ffa7d20e000 	C:\WINDOWS\System32\bcryptPrimitives.dll
0x00007ffa7ffc0000 - 0x00007ffa7ffee000 	C:\WINDOWS\System32\IMM32.DLL
0x0000000054fb0000 - 0x0000000055081000 	C:\Program Files\Java\jdk1.8.0_201\jre\bin\msvcr100.dll
0x0000000054700000 - 0x0000000054fa4000 	C:\Program Files\Java\jdk1.8.0_201\jre\bin\server\jvm.dll
0x00007ffa7d980000 - 0x00007ffa7d988000 	C:\WINDOWS\System32\PSAPI.DLL
0x00007ffa6b0a0000 - 0x00007ffa6b0a9000 	C:\WINDOWS\SYSTEM32\WSOCK32.dll
0x00007ffa7f850000 - 0x00007ffa7f8bd000 	C:\WINDOWS\System32\WS2_32.dll
0x00007ffa79e50000 - 0x00007ffa79e74000 	C:\WINDOWS\SYSTEM32\WINMM.dll
0x00007ffa75b90000 - 0x00007ffa75b9a000 	C:\WINDOWS\SYSTEM32\VERSION.dll
0x00007ffa79dc0000 - 0x00007ffa79ded000 	C:\WINDOWS\SYSTEM32\WINMMBASE.dll
0x00007ffa7c8f0000 - 0x00007ffa7c93a000 	C:\WINDOWS\System32\cfgmgr32.dll
0x00007ffa78240000 - 0x00007ffa7824f000 	C:\Program Files\Java\jdk1.8.0_201\jre\bin\verify.dll
0x00007ffa709e0000 - 0x00007ffa70a09000 	C:\Program Files\Java\jdk1.8.0_201\jre\bin\java.dll
0x00007ffa6ba50000 - 0x00007ffa6ba73000 	C:\Program Files\Java\jdk1.8.0_201\jre\bin\instrument.dll
0x00007ffa6baf0000 - 0x00007ffa6bb06000 	C:\Program Files\Java\jdk1.8.0_201\jre\bin\zip.dll
0x00007ffa7dde0000 - 0x00007ffa7f2d0000 	C:\WINDOWS\System32\SHELL32.dll
0x00007ffa801c0000 - 0x00007ffa80268000 	C:\WINDOWS\System32\shcore.dll
0x00007ffa7c940000 - 0x00007ffa7d08a000 	C:\WINDOWS\System32\windows.storage.dll
0x00007ffa7c7c0000 - 0x00007ffa7c7e4000 	C:\WINDOWS\System32\profapi.dll
0x00007ffa7c740000 - 0x00007ffa7c79d000 	C:\WINDOWS\System32\powrprof.dll
0x00007ffa7da50000 - 0x00007ffa7daa2000 	C:\WINDOWS\System32\shlwapi.dll
0x00007ffa7c720000 - 0x00007ffa7c731000 	C:\WINDOWS\System32\kernel.appcore.dll
0x00007ffa7d090000 - 0x00007ffa7d0a7000 	C:\WINDOWS\System32\cryptsp.dll
0x00007ffa66910000 - 0x00007ffa6692a000 	C:\Program Files\JetBrains\IntelliJ IDEA 2018.1.5\bin\breakgen64.dll
0x00007ffa659e0000 - 0x00007ffa659fa000 	C:\Program Files\Java\jdk1.8.0_201\jre\bin\net.dll
0x00007ffa6f930000 - 0x00007ffa6fb06000 	C:\WINDOWS\SYSTEM32\urlmon.dll
0x00007ffa68ce0000 - 0x00007ffa68f88000 	C:\WINDOWS\SYSTEM32\iertutil.dll
0x00007ffa7c170000 - 0x00007ffa7c17c000 	C:\WINDOWS\SYSTEM32\CRYPTBASE.DLL
0x00007ffa7bfa0000 - 0x00007ffa7c007000 	C:\WINDOWS\system32\mswsock.dll
0x00007ffa49830000 - 0x00007ffa499c9000 	C:\Program Files\Java\jdk1.8.0_201\jre\bin\awt.dll
0x00007ffa7fce0000 - 0x00007ffa7fda4000 	C:\WINDOWS\System32\OLEAUT32.dll
0x00007ffa7a060000 - 0x00007ffa7a0ec000 	C:\WINDOWS\SYSTEM32\apphelp.dll
0x00007ffa7a150000 - 0x00007ffa7a1ec000 	C:\WINDOWS\system32\uxtheme.dll
0x00007ffa7db10000 - 0x00007ffa7dc7a000 	C:\WINDOWS\System32\MSCTF.dll
0x00007ffa7acb0000 - 0x00007ffa7acde000 	C:\WINDOWS\system32\dwmapi.dll
0x00007ffa7d750000 - 0x00007ffa7d92b000 	C:\WINDOWS\System32\CRYPT32.dll
0x00007ffa7c7a0000 - 0x00007ffa7c7b2000 	C:\WINDOWS\System32\MSASN1.dll
0x00007ffa7f2d0000 - 0x00007ffa7f425000 	C:\WINDOWS\System32\ole32.dll
0x00007ffa5a030000 - 0x00007ffa5a157000 	C:\WINDOWS\system32\opengl32.dll
0x00007ffa59c20000 - 0x00007ffa59c4c000 	C:\WINDOWS\SYSTEM32\GLU32.dll
0x00007ffa7bb60000 - 0x00007ffa7bb93000 	C:\WINDOWS\system32\rsaenh.dll
0x00007ffa7d0b0000 - 0x00007ffa7d0d6000 	C:\WINDOWS\System32\bcrypt.dll
0x00007ffa7c650000 - 0x00007ffa7c678000 	C:\WINDOWS\SYSTEM32\USERENV.dll
0x00007ffa7bd00000 - 0x00007ffa7bd3d000 	C:\WINDOWS\SYSTEM32\IPHLPAPI.DLL
0x00007ffa7d950000 - 0x00007ffa7d958000 	C:\WINDOWS\System32\NSI.dll
0x00007ffa75460000 - 0x00007ffa75476000 	C:\WINDOWS\SYSTEM32\dhcpcsvc6.DLL
0x00007ffa75440000 - 0x00007ffa7545c000 	C:\WINDOWS\SYSTEM32\dhcpcsvc.DLL
0x00007ffa7bd40000 - 0x00007ffa7be06000 	C:\WINDOWS\SYSTEM32\DNSAPI.dll
0x00007ffa659c0000 - 0x00007ffa659d1000 	C:\Program Files\Java\jdk1.8.0_201\jre\bin\nio.dll
0x00000000637c0000 - 0x00000000637cd000 	C:\Users\miros\AppData\Local\Temp\jogamp_0000\file_cache\jln3048137183293958807\jln4816814775135421450\natives\windows-amd64\gluegen-rt.dll
0x00007ffa78100000 - 0x00007ffa78107000 	C:\Program Files\Java\jdk1.8.0_201\jre\bin\jawt.dll
0x000000006a440000 - 0x000000006a44d000 	C:\Users\miros\AppData\Local\Temp\jogamp_0000\file_cache\jln3048137183293958807\jln4816814775135421450\natives\windows-amd64\nativewindow_awt.dll
0x000000006c100000 - 0x000000006c10f000 	C:\Users\miros\AppData\Local\Temp\jogamp_0000\file_cache\jln3048137183293958807\jln4816814775135421450\natives\windows-amd64\nativewindow_win32.dll
0x0000000064500000 - 0x00000000645b1000 	C:\Users\miros\AppData\Local\Temp\jogamp_0000\file_cache\jln3048137183293958807\jln4816814775135421450\natives\windows-amd64\jogl_desktop.dll
0x0000000064340000 - 0x00000000643a2000 	C:\Users\miros\AppData\Local\Temp\jogamp_0000\file_cache\jln3048137183293958807\jln4816814775135421450\natives\windows-amd64\jogl_mobile.dll
0x00007ffa27e30000 - 0x00007ffa28cef000 	C:\WINDOWS\System32\DriverStore\FileRepository\ki127176.inf_amd64_86c658cabfb17c9c\ig9icd64.dll
0x00007ffa78260000 - 0x00007ffa78273000 	C:\WINDOWS\SYSTEM32\WTSAPI32.dll
0x00007ffa7b4a0000 - 0x00007ffa7b562000 	C:\WINDOWS\SYSTEM32\dxgi.dll
0x00007ffa70dc0000 - 0x00007ffa72b55000 	C:\WINDOWS\System32\DriverStore\FileRepository\ki127176.inf_amd64_86c658cabfb17c9c\igc64.dll
0x00007ffa565e0000 - 0x00007ffa56627000 	C:\Program Files\Java\jdk1.8.0_201\jre\bin\fontmanager.dll
0x00007ffa60ed0000 - 0x00007ffa60f65000 	C:\WINDOWS\System32\TextInputFramework.dll
0x00007ffa76cf0000 - 0x00007ffa77012000 	C:\WINDOWS\System32\CoreUIComponents.dll
0x00007ffa79be0000 - 0x00007ffa79cc2000 	C:\WINDOWS\System32\CoreMessaging.dll
0x00007ffa7b7e0000 - 0x00007ffa7b811000 	C:\WINDOWS\SYSTEM32\ntmarta.dll
0x00007ffa77fa0000 - 0x00007ffa780f3000 	C:\WINDOWS\SYSTEM32\wintypes.dll
0x00007ffa50230000 - 0x00007ffa50272000 	C:\Program Files\Java\jdk1.8.0_201\jre\bin\t2k.dll
0x00007ffa7b130000 - 0x00007ffa7b31d000 	C:\WINDOWS\SYSTEM32\dbghelp.dll

VM Arguments:
jvm_args: -javaagent:C:\Program Files\JetBrains\IntelliJ IDEA 2018.1.5\lib\idea_rt.jar=49953:C:\Program Files\JetBrains\IntelliJ IDEA 2018.1.5\bin -Dfile.encoding=UTF-8 
java_command: jogl08camerasky.JOGLApp
java_class_path (initial): C:\Program Files\Java\jdk1.8.0_201\jre\lib\charsets.jar;C:\Program Files\Java\jdk1.8.0_201\jre\lib\deploy.jar;C:\Program Files\Java\jdk1.8.0_201\jre\lib\ext\access-bridge-64.jar;C:\Program Files\Java\jdk1.8.0_201\jre\lib\ext\cldrdata.jar;C:\Program Files\Java\jdk1.8.0_201\jre\lib\ext\dnsns.jar;C:\Program Files\Java\jdk1.8.0_201\jre\lib\ext\jaccess.jar;C:\Program Files\Java\jdk1.8.0_201\jre\lib\ext\jfxrt.jar;C:\Program Files\Java\jdk1.8.0_201\jre\lib\ext\localedata.jar;C:\Program Files\Java\jdk1.8.0_201\jre\lib\ext\nashorn.jar;C:\Program Files\Java\jdk1.8.0_201\jre\lib\ext\sunec.jar;C:\Program Files\Java\jdk1.8.0_201\jre\lib\ext\sunjce_provider.jar;C:\Program Files\Java\jdk1.8.0_201\jre\lib\ext\sunmscapi.jar;C:\Program Files\Java\jdk1.8.0_201\jre\lib\ext\sunpkcs11.jar;C:\Program Files\Java\jdk1.8.0_201\jre\lib\ext\zipfs.jar;C:\Program Files\Java\jdk1.8.0_201\jre\lib\javaws.jar;C:\Program Files\Java\jdk1.8.0_201\jre\lib\jce.jar;C:\Program Files\Java\jdk1.8.0_201\jre\lib\jfr.jar;C:\Program Files\Java\jdk1.8.0_201\jre\lib\jfxswt.jar;C:\Program Files\Java\jdk1.8.0_201\jre\lib\jsse.jar;C:\Program Files\Java\jdk1.8.0_201\jre\lib\management-agent.jar;C:\Program Files\Java\jdk1.8.0_201\jre\lib\plugin.jar;C:\Program Files\Java\jdk1.8.0_201\jre\lib\resources.jar;C:\Program Files\Java\jdk1.8.0_201\jre\lib\rt.jar;C:\Users\miros\Downloads\maze-walkthrough.OpenGL-master\JOGL_TEST\out\production\JOGL_TEST;C:\Users\miros\Downloads\maze-walkthrough.OpenGL-master\JOGL_TEST\src\lib\jogamp-all-platforms\jogamp-all-platforms\jar\jogl-all.jar;C:\Users\miros\Downloads\maze-walkthrough.OpenGL-master\JOGL_TEST\src\lib\jogamp-all-platforms\jogamp-all-platforms\jar\jogl-all-natives-windows-i586.jar;C:\Users\miros\Downloads\maze-walkthrough.OpenGL-master\JOGL_TEST\src\lib\jogamp-all-platforms\jogamp-all-platforms\jar\gluegen-rt-natives-windows-i586.jar;C:\Users\miros\Downloads\maze-walkthrough.OpenGL-master\JOGL_TEST\src\lib\jogamp-all-platforms\jogamp-all-platforms
Launcher Type: SUN_STANDARD

Environment Variables:
PATH=C:\Program Files (x86)\Common Files\Oracle\Java\javapath;C:\Program Files (x86)\Intel\iCLS Client\;C:\Program Files\Intel\iCLS Client\;C:\Windows\system32;C:\Windows;C:\Windows\System32\Wbem;C:\Windows\System32\WindowsPowerShell\v1.0\;C:\Program Files (x86)\Intel\Intel(R) Management Engine Components\DAL;C:\Program Files\Intel\Intel(R) Management Engine Components\DAL;C:\Program Files (x86)\Intel\Intel(R) Management Engine Components\IPT;C:\Program Files\Intel\Intel(R) Management Engine Components\IPT;C:\Program Files\Intel\WiFi\bin\;C:\Program Files\Common Files\Intel\WirelessCommon\;C:\Program Files (x86)\NVIDIA Corporation\PhysX\Common;C:\WINDOWS\system32;C:\WINDOWS;C:\WINDOWS\System32\Wbem;C:\WINDOWS\System32\WindowsPowerShell\v1.0\;C:\WINDOWS\System32\OpenSSH\;C:\Program Files\Git\cmd;C:\Program Files\nodejs\;C:\Users\miros\AppData\Local\Microsoft\WindowsApps;C:\Users\miros\AppData\Roaming\npm;C:\Users\miros\AppData\Local\Google\Cloud SDK\google-cloud-sdk\bin
USERNAME=miros
OS=Windows_NT
PROCESSOR_IDENTIFIER=Intel64 Family 6 Model 94 Stepping 3, GenuineIntel



---------------  S Y S T E M  ---------------

OS: Windows 10.0 , 64 bit Build 17763 (10.0.17763.437)

CPU:total 8 (initial active 8) (4 cores per cpu, 2 threads per core) family 6 model 94 stepping 3, cmov, cx8, fxsr, mmx, sse, sse2, sse3, ssse3, sse4.1, sse4.2, popcnt, avx, avx2, aes, clmul, erms, rtm, 3dnowpref, lzcnt, ht, tsc, tscinvbit, bmi1, bmi2, adx

Memory: 4k page, physical 12417476k(2669780k free), swap 42104448k(0k free)

vm_info: Java HotSpot(TM) 64-Bit Server VM (25.201-b09) for windows-amd64 JRE (1.8.0_201-b09), built on Dec 15 2018 18:36:39 by "java_re" with MS VC++ 10.0 (VS2010)

time: Tue Apr 30 11:56:53 2019
timezone: Central Europe Daylight Time
elapsed time: 7235 seconds (0d 2h 0m 35s)

